[debug] [2024-04-11T10:22:16.051Z] ----------------------------------------------------------------------
[debug] [2024-04-11T10:22:16.054Z] Command:       C:\Program Files\nodejs\node.exe C:\Users\shush\AppData\Roaming\npm\node_modules\firebase-tools\lib\bin\firebase.js init
[debug] [2024-04-11T10:22:16.055Z] CLI Version:   13.7.1
[debug] [2024-04-11T10:22:16.055Z] Platform:      win32
[debug] [2024-04-11T10:22:16.055Z] Node Version:  v21.6.1
[debug] [2024-04-11T10:22:16.056Z] Time:          Thu Apr 11 2024 11:22:16 GMT+0100 (British Summer Time)
[debug] [2024-04-11T10:22:16.056Z] ----------------------------------------------------------------------
[debug] 
[debug] [2024-04-11T10:22:16.066Z] > command requires scopes: ["email","openid","https://www.googleapis.com/auth/cloudplatformprojects.readonly","https://www.googleapis.com/auth/firebase","https://www.googleapis.com/auth/cloud-platform"]
[debug] [2024-04-11T10:22:16.067Z] > authorizing via signed-in user (st.tunkara@gmail.com)
[info] 
     ######## #### ########  ######## ########     ###     ######  ########
     ##        ##  ##     ## ##       ##     ##  ##   ##  ##       ##
     ######    ##  ########  ######   ########  #########  ######  ######
     ##        ##  ##    ##  ##       ##     ## ##     ##       ## ##
     ##       #### ##     ## ######## ########  ##     ##  ######  ########

You're about to initialize a Firebase project in this directory:

  C:\Users\shush\FYP\Stream\api

[info] 
=== Project Setup
[info] 
[info] First, let's associate this project directory with a Firebase project.
[info] You can create multiple project aliases by running firebase use --add, 
[info] but for now we'll just set up a default project.
[info] 
[debug] [2024-04-11T10:22:25.249Z] >>> [apiv2][query] GET https://firebase.googleapis.com/v1beta1/projects pageSize=100
[debug] [2024-04-11T10:22:25.711Z] <<< [apiv2][status] GET https://firebase.googleapis.com/v1beta1/projects 200
[debug] [2024-04-11T10:22:25.711Z] <<< [apiv2][body] GET https://firebase.googleapis.com/v1beta1/projects [omitted]
[info] i  Using project livestreaming-deffb (LiveStreaming) 
[info] 
=== Hosting Setup
[debug] [2024-04-11T10:22:27.493Z] >>> [apiv2][query] GET https://firebase.googleapis.com/v1beta1/projects/livestreaming-deffb [none]
[debug] [2024-04-11T10:22:27.684Z] <<< [apiv2][status] GET https://firebase.googleapis.com/v1beta1/projects/livestreaming-deffb 200
[debug] [2024-04-11T10:22:27.684Z] <<< [apiv2][body] GET https://firebase.googleapis.com/v1beta1/projects/livestreaming-deffb {"projectId":"livestreaming-deffb","projectNumber":"297223638980","displayName":"LiveStreaming","name":"projects/livestreaming-deffb","resources":{"hostingSite":"livestreaming-deffb"},"state":"ACTIVE","etag":"1_f3aefa52-020a-49c3-b02e-ff7f60d5f2df"}
[info] 
[info] Your public directory is the folder (relative to your project directory) that
[info] will contain Hosting assets to be uploaded with firebase deploy. If you
[info] have a build process for your assets, use your build's output directory.
[info] 
[info] +  Wrote api/404.html 
[debug] [2024-04-11T10:22:51.036Z] >>> [apiv2][query] GET https://www.gstatic.com/firebasejs/releases.json [none]
[debug] [2024-04-11T10:22:51.068Z] <<< [apiv2][status] GET https://www.gstatic.com/firebasejs/releases.json 200
[debug] [2024-04-11T10:22:51.069Z] <<< [apiv2][body] GET https://www.gstatic.com/firebasejs/releases.json {"current":{"version":"10.10.0","browserURL":"https://www.gstatic.com/firebasejs/10.10.0/firebase.js","packageURL":"https://www.gstatic.com/firebasejs/10.10.0/firebase.tgz"},"live":{"version":"10.10","browserURL":"https://www.gstatic.com/firebasejs/live/10.10/firebase.js","packageURL":"https://www.gstatic.com/firebasejs/live/10.10/firebase.tgz"},"components":{"analytics":"https://www.gstatic.com/firebasejs/10.10.0/firebase-analytics.js","app":"https://www.gstatic.com/firebasejs/10.10.0/firebase-app.js","app-check":"https://www.gstatic.com/firebasejs/10.10.0/firebase-app-check.js","auth":"https://www.gstatic.com/firebasejs/10.10.0/firebase-auth.js","auth/cordova":"https://www.gstatic.com/firebasejs/10.10.0/firebase-auth/cordova.js","auth/web-extension":"https://www.gstatic.com/firebasejs/10.10.0/firebase-auth/web-extension.js","functions":"https://www.gstatic.com/firebasejs/10.10.0/firebase-functions.js","firestore":"https://www.gstatic.com/firebasejs/10.10.0/firebase-firestore.js","firestore/lite":"https://www.gstatic.com/firebasejs/10.10.0/firebase-firestore/lite.js","installations":"https://www.gstatic.com/firebasejs/10.10.0/firebase-installations.js","storage":"https://www.gstatic.com/firebasejs/10.10.0/firebase-storage.js","performance":"https://www.gstatic.com/firebasejs/10.10.0/firebase-performance.js","remote-config":"https://www.gstatic.com/firebasejs/10.10.0/firebase-remote-config.js","messaging":"https://www.gstatic.com/firebasejs/10.10.0/firebase-messaging.js","messaging/sw":"https://www.gstatic.com/firebasejs/10.10.0/firebase-messaging/sw.js","database":"https://www.gstatic.com/firebasejs/10.10.0/firebase-database.js","firestore.memory":"https://www.gstatic.com/firebasejs/10.10.0/firebase-firestore.memory.js"}}
[info] +  Wrote api/index.html 
[info] 
[info] i  Didn't detect a .git folder. Assuming C:\Users\shush\FYP\Stream\api is the project root. 
[info] i  Authorizing with GitHub to upload your service account to a GitHub repository's secrets store. 
[info] 
[info] Visit this URL on this device to log in:
[info] https://github.com/login/oauth/authorize?client_id=89cf50f02ac6aaed3484&state=910499239&redirect_uri=http%3A%2F%2Flocalhost%3A9005&scope=read%3Auser%20repo%20public_repo
[info] 
[info] Waiting for authentication...
[debug] [2024-04-11T10:24:29.600Z] >>> [apiv2][query] POST https://github.com/login/oauth/access_token [none]
[debug] [2024-04-11T10:24:29.600Z] >>> [apiv2][body] POST https://github.com/login/oauth/access_token [stream]
[debug] [2024-04-11T10:24:29.812Z] <<< [apiv2][status] POST https://github.com/login/oauth/access_token 200
[debug] [2024-04-11T10:24:29.813Z] <<< [apiv2][body] POST https://github.com/login/oauth/access_token {"access_token":"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","token_type":"bearer","scope":"read:user,repo"}
[debug] [2024-04-11T10:24:29.816Z] >>> [apiv2][query] GET https://api.github.com/user [none]
[debug] [2024-04-11T10:24:30.072Z] <<< [apiv2][status] GET https://api.github.com/user 200
[debug] [2024-04-11T10:24:30.072Z] <<< [apiv2][body] GET https://api.github.com/user {"login":"neff10","id":9588380,"node_id":"MDQ6VXNlcjk1ODgzODA=","avatar_url":"https://avatars.githubusercontent.com/u/9588380?v=4","gravatar_id":"","url":"https://api.github.com/users/neff10","html_url":"https://github.com/neff10","followers_url":"https://api.github.com/users/neff10/followers","following_url":"https://api.github.com/users/neff10/following{/other_user}","gists_url":"https://api.github.com/users/neff10/gists{/gist_id}","starred_url":"https://api.github.com/users/neff10/starred{/owner}{/repo}","subscriptions_url":"https://api.github.com/users/neff10/subscriptions","organizations_url":"https://api.github.com/users/neff10/orgs","repos_url":"https://api.github.com/users/neff10/repos","events_url":"https://api.github.com/users/neff10/events{/privacy}","received_events_url":"https://api.github.com/users/neff10/received_events","type":"User","site_admin":false,"name":"Sule Tunkara","company":"University of Greenwich","blog":"","location":"London","email":"st.tunkara@gmail.com","hireable":null,"bio":null,"twitter_username":null,"public_repos":6,"public_gists":0,"followers":1,"following":1,"created_at":"2014-11-06T09:43:33Z","updated_at":"2024-04-11T10:24:05Z","private_gists":0,"total_private_repos":2,"owned_private_repos":2,"disk_usage":12544,"collaborators":4,"two_factor_authentication":false,"plan":{"name":"free","space":976562499,"collaborators":0,"private_repos":10000}}
[info] 
[info] +  Success! Logged into GitHub as neff10 
[info] 
[debug] [2024-04-11T10:24:37.814Z] >>> [apiv2][query] GET https://api.github.com/repos//actions/secrets/public-key type=owner
[debug] [2024-04-11T10:24:37.976Z] <<< [apiv2][status] GET https://api.github.com/repos//actions/secrets/public-key 404
[debug] [2024-04-11T10:24:37.976Z] <<< [apiv2][body] GET https://api.github.com/repos//actions/secrets/public-key {"message":"Not Found","documentation_url":"https://docs.github.com/rest"}
[info] 
[info] 
[error] !  The provided authorization cannot be used with this repository. If this repository is in an organization, did you remember to grant access? 
[info] 
[info] i  Action required: Visit this URL to ensure access has been granted to the appropriate organization(s) for the Firebase CLI GitHub OAuth App: 
[info] https://github.com/settings/connections/applications/89cf50f02ac6aaed3484
[info] 
[debug] [2024-04-11T10:24:51.860Z] >>> [apiv2][query] GET https://api.github.com/repos/y/actions/secrets/public-key type=owner
[debug] [2024-04-11T10:24:52.029Z] <<< [apiv2][status] GET https://api.github.com/repos/y/actions/secrets/public-key 404
[debug] [2024-04-11T10:24:52.029Z] <<< [apiv2][body] GET https://api.github.com/repos/y/actions/secrets/public-key {"message":"Not Found","documentation_url":"https://docs.github.com/rest"}
[info] 
[info] 
[error] !  The provided authorization cannot be used with this repository. If this repository is in an organization, did you remember to grant access? 
[info] 
[info] i  Action required: Visit this URL to ensure access has been granted to the appropriate organization(s) for the Firebase CLI GitHub OAuth App: 
[info] https://github.com/settings/connections/applications/89cf50f02ac6aaed3484
[info] 
